<?xml version="1.0" encoding="UTF-8"?>
<!-- Generated by org.testng.reporters.JUnitReportReporter -->
<testsuite hostname="DI2INPUN0526WNB" failures="0" tests="1" name="pawaracademy.Tests.ErrorValidation" time="0.340" errors="0" timestamp="05 Nov 2024 08:58:34 GMT" skipped="0">
  <testcase classname="pawaracademy.Tests.ErrorValidation" name="loginErrorValidation" time="0.340"/>
</testsuite> <!-- pawaracademy.Tests.ErrorValidation -->
