<?xml version="1.0" encoding="UTF-8"?>
<!-- Generated by org.testng.reporters.JUnitReportReporter -->
<testsuite hostname="DI2INPUN0526WNB" failures="0" tests="3" name="pawaracademy.Tests.SubmitOrderTest" time="37.652" errors="0" timestamp="22 Nov 2024 14:55:00 GMT" skipped="0">
  <testcase classname="pawaracademy.Tests.SubmitOrderTest" name="submitOrderTest" time="16.729"/>
  <testcase classname="pawaracademy.Tests.SubmitOrderTest" name="submitOrderTest" time="17.673"/>
  <testcase classname="pawaracademy.Tests.SubmitOrderTest" name="verifyOrderProductTest" time="3.250"/>
</testsuite> <!-- pawaracademy.Tests.SubmitOrderTest -->
