<?xml version="1.0" encoding="UTF-8"?>
<!-- Generated by org.testng.reporters.JUnitReportReporter -->
<testsuite hostname="DI2INPUN0526WNB" failures="0" tests="1" name="pawaracademy.Cucumber.TestNGTestRunner" time="6.712" errors="0" timestamp="29 Nov 2024 06:20:46 GMT" skipped="0">
  <testcase classname="pawaracademy.Cucumber.TestNGTestRunner" name="runScenario" time="6.712"/>
</testsuite> <!-- pawaracademy.Cucumber.TestNGTestRunner -->
