<?xml version="1.0" encoding="UTF-8"?>
<!-- Generated by org.testng.reporters.JUnitReportReporter -->
<testsuite hostname="DI2INPUN0526WNB" failures="0" tests="2" name="pawaracademy.Tests.SubmitOrderTest" time="13.550" errors="0" timestamp="27 Nov 2024 12:38:55 GMT" skipped="0">
  <testcase classname="pawaracademy.Tests.SubmitOrderTest" name="submitOrderTest" time="6.638"/>
  <testcase classname="pawaracademy.Tests.SubmitOrderTest" name="submitOrderTest" time="6.912"/>
</testsuite> <!-- pawaracademy.Tests.SubmitOrderTest -->
